<?xml version="1.0" encoding="UTF-8"?>
<!-- Generated by org.testng.reporters.JUnitReportReporter -->
<testsuite hostname="Divya" failures="0" tests="1" name="TestRunner.CommerceRunner" time="105.416" errors="0" timestamp="2024-04-18T02:29:07 IST" skipped="0">
  <testcase classname="TestRunner.CommerceRunner" name="runScenario" time="105.416"/>
  <system-out/>
</testsuite> <!-- TestRunner.CommerceRunner -->
