<?xml version="1.0" encoding="UTF-8"?>
<!-- Generated by org.testng.reporters.JUnitReportReporter -->
<testsuite hostname="Divya" failures="0" tests="1" name="day2.CommerceJSDemoStoreTestNG" time="45.854" errors="0" timestamp="2024-04-16T17:18:02 IST" skipped="0">
  <testcase classname="day2.CommerceJSDemoStoreTestNG" name="testCommerceJSDemoStore" time="45.854"/>
  <system-out/>
</testsuite> <!-- day2.CommerceJSDemoStoreTestNG -->
